make.exe all --print-data-base --no-builtin-variables --no-builtin-rules --question
# GNU Make 3.82.90
# Built for i686-pc-mingw32
# Copyright (C) 1988-2012 Free Software Foundation, Inc.
# License GPLv3+: GNU GPL version 3 or later <http://gnu.org/licenses/gpl.html>
# This is free software: you are free to change and redistribute it.
# There is NO WARRANTY, to the extent permitted by law.
 

# Make data base, printed on Tue Dec 21 18:41:44 2021

# Variables

# automatic
<D = $(patsubst %/,%,$(patsubst %\,%,$(dir $<)))
# automatic
?F = $(notdir $?)
# default
.SHELLFLAGS := -c
# makefile
MAKEFLAGS = Rrqp
# environment
VSCODE_LOG_NATIVE = false
# automatic
?D = $(patsubst %/,%,$(patsubst %\,%,$(dir $?)))
# environment
OCAML_LSP_SERVER_LOG = -
# automatic
@D = $(patsubst %/,%,$(patsubst %\,%,$(dir $@)))
# environment
HOMEDRIVE = C:
# automatic
@F = $(notdir $@)
# automatic
^D = $(patsubst %/,%,$(patsubst %\,%,$(dir $^)))
# makefile
CURDIR := c:/Users/Gyro/Documents/POLYTECH/ET4/Compilation/Projet/Compiler/Compiler
# default
SHELL := sh.exe
# environment
WINDIR = C:\WINDOWS
# environment
VSCODE_NLS_CONFIG = {"locale":"fr","availableLanguages":{},"_languagePackSupport":true}
# environment
ONEDRIVE = C:\Users\Gyro\OneDrive
# environment
PATHEXT = .COM;.EXE;.BAT;.CMD;.VBS;.VBE;.JS;.JSE;.WSF;.WSH;.MSC;.PY;.PYW
# makefile (from 'Makefile', line 1)
MAKEFILE_LIST :=  Makefile
# environment
FPS_BROWSER_USER_ 
PROFILE_STRING = Default
# environment
TMP = C:\Users\Gyro\AppData\Local\Temp
# makefile (from 'Makefile', line 8)
SOURCES = ast.ml utils.ml print.ml eval.ml compile.ml parse.ml lex.ml main.ml
# environment
VSCODE_VERBOSE_LOGGING = true
# environment
PROGRAMW6432 = C:\Program Files
# environment
PROGRAMDATA = C:\ProgramData
# environment
VSCODE_IPC_HOOK_EXTHOST = \\.\pipe\vscode-ipc-5fdf08fc-4d1b-44f5-a358-2a103ae96818-sock
# environment
VSCODE_CWD = C:\Users\Gyro\AppData\Local\Programs\Microsoft VS Code
# environment
PATH = C:\Python310\Scripts\;C:\Python310\;C:\Program Files (x86)\Intel\Intel(R) Management Engine Components\iCLS\;C:\Program Files\Intel\Intel(R) Management Engine Components\iCLS\;C:\Windows\system32;C:\Windows;C:\Windows\System32\Wbem;C:\Windows\System32\WindowsPowerShell\v1.0\;C:\Windows\System32\OpenSSH\;C:\Program Files (x86)\Intel\Intel(R) Management Engine Components\DAL;C:\Program Files\Intel\Intel(R) Management Engine Components\DAL;C:\Program Files (x86)\Intel\Intel(R) Management Engine Components\IPT;C:\Program Files\Intel\Intel(R) Management Engine Components\IPT;C:\Program Files (x86)\NVIDIA Corporation\PhysX\Common;C:\WINDOWS\system32;C:\WINDOWS;C:\WINDOWS\System32\Wbem;C:\WINDOWS\System32\WindowsPowerShell\v1.0\;C:\WINDOWS\System32\OpenSSH\;C:\Program Files\Microsoft SQL Server\Client SDK\ODBC\110\Tools\Binn\;C:\Program Files (x86)\Microsoft SQL Server\120\Tools\Binn\;C:\Program Files\Microsoft SQL Server\120\Tools\Binn\;C:\Program Files\Microsoft SQL Server\120\DTS\Binn\;C:\Program Files (x86)\Windows Kits\8.1\Windows Performance Toolkit\;C:\Program Files\nodejs\;C:\ProgramData\chocolatey\bin;C:\Program Files\Git\cmd;C:\OCaml64\usr\local\bin;C:\Users\Gyro\AppData\Local\Microsoft\WindowsApps;C:\Program Files\JetBrains\IntelliJ IDEA Community Edition 2021.2.2\bin;;C:\Users\Gyro\AppData\Roaming\npm;C:\Users\Gyro\AppData\Local\Programs\Microsoft VS Code\bin;C:\OCaml64\usr\local\bin;C:\OCaml64\home\Gyro\.opam\4.12.0+mingw64c\bin;C:\MinGW\bin;
# environment
SW_SIM_HYDRA = C:\Program Files\Common Files\SolidWorks Shared\Simulation Worker Agent\
# environment
COMMONPROGRAMW6432 = C:\Program Files\Common Files
# environment
CHOCOLATEYLASTPATHUPDATE = 132815693815567360
# environment
PROCESSOR_ARCHITECTURE = x86
# environment
USERPROFILE = C:\Users\Gyro
# environment
CHOCOLATEYINSTALL = C:\ProgramData\chocolatey
# environment
ALLUSERSPROFILE = C:\ProgramData
# environment
VSCODE_LOG_STACK = false
# environment
NUMBER_OF_PROCESSORS = 8
# environment
ELECTRON_RUN_AS_NODE = 1
# default
.FEATURES := target-specific order-only second-expansion else-if shortest-stem undefine oneshell archives jobserver
# automatic
%F = $(notdir $%)
# environment
CHROME_CRASHPAD_PIPE_NAME = \\.\pipe\crashpad_14688_ZVGFBADIANLWXNXW
# environment
VSCODE_PIPE_LOGGING = true
# environment
COMPUTERNAME = DESKTOP-E02KJJH
# environment
PROGRAMFILES = C:\Program Files (x86)
# environment
DRIVERDATA = C:\Windows\System32\Drivers\DriverData
# environment
ORIGINAL_XDG_CURRENT_DESKTOP = undefined
# environment
USERNAME = Gyro
# environment
PUBLIC = C:\Users\Public
# environment
VSCODE_AMD_ENTRYPOINT = vs/workbench/services/extensions/node/extensionHostProcess
# environment
VSCODE_CODE_CACHE_PATH = C:\Users\Gyro\AppData\Roaming\Code\CachedData\899d46d82c4c95423fb7e10e68eba52050e30ba3
# environment
APPLICATION_INSIGHTS_NO_DIAGNOSTIC_CHANNEL = true
# environment
COMMONPROGRAMFILES = C:\Program Files (x86)\Common Files
# environment
LOGONSERVER = \\DESKTOP-E02KJJH
# environment
ONEDRIVECONSUMER = C:\Users\Gyro\OneDrive
# environment
VSCODE_HANDLES_UNCAUGHT_ERRORS = true
# environment
USERDOMAIN = DESKTOP-E02KJJH
# environment
MAKELEVEL := 0
# environment
INTELLIJ IDEA COMMUNITY EDITION = C:\Program Files\JetBrains\IntelliJ IDEA Community Edition 2021.2.2\bin;
# default
MAKE = $(MAKE_COMMAND)
# default
MAKECMDGOALS := all
# makefile (from 'Makefile', line 7)
INTERFACES = parse.mli
# default
MAKE_VERSION := 3.82.90
# makefile
.DEFAULT_GOAL := all
# environment
PROGRAMFILES(X86) = C:\Program Files (x86)
# automatic
%D = $(patsubst %/,%,$(patsubst %\,%,$(dir $%)))
# environment
LOCALAPPDATA = C:\Users\Gyro\AppData\Local
# makefile (from 'Makefile', line 1)
CP_FOLDER = sources
# environment
PSMODULEPATH = C:\Program Files\WindowsPowerShell\Modules;C:\WINDOWS\system32\WindowsPowerShell\v1.0\Modules;C:\Program Files (x86)\Microsoft SQL Server\120\Tools\PowerShell\Modules\
# default
MAKE_COMMAND := make.exe
# environment
PROCESSOR_ARCHITEW6432 = AMD64
# makefile (from 'Makefile', line 2)
GEN_FOLDER = build
# default
.VARIABLES := 
# automatic
*F = $(notdir $*)
# environment
PROCESSOR_IDENTIFIER = Intel64 Family 6 Model 158 Stepping 10, GenuineIntel
# environment
OS = Windows_NT
# environment
VSCODE_IPC_HOOK = \\.\pipe\a1f70c9b97f9964ab5c35e25a8d7c881-1.63.2-main-sock
# environment
HOMEPATH = \Users\Gyro
# environment
COMMONPROGRAMFILES(X86) = C:\Program Files (x86)\Common Files
# environment
PROMPT = $P$G
# environment
MFLAGS = -Rrqp
# automatic
*D = $(patsubst %/,%,$(patsubst %\,%,$(dir $*)))
# environment
SYSTEMROOT = C:\WINDOWS
# automatic
+D = $(patsubst %/,%,$(patsubst %\,%,$(dir $+)))
# automatic
+F = $(notdir $+)
# environment
APPDATA = C:\Users\Gyro\AppData\Roaming
# environment
TEMP = C:\Users\Gyro\AppData\Local\Temp
# environment
COMSPEC = C:\WINDOWS\system32\cmd.exe
# default
MAKEFILES := 
# automatic
<F = $(notdir $<)
# environment
LC_ALL = C
# makefile (from 'Makefile', line 9)
GENERATED = lex.ml parse.ml parse.mli parse.automaton parse.conflicts
# environment
SW_SIM_TEMP = C:\ProgramData\SOLIDWORKS\SW_net_sim_temp\
# automatic
^F = $(notdir $^)
# default
SUFFIXES := 
# environment
SYSTEMDRIVE = C:
# environment
SESSIONNAME = Console
# environment
PROCESSOR_REVISION = 9e0a
# environment
SW_SIM_MPIT = INTELMPI
# default
.INCLUDE_DIRS = C:/MinGW/include
# default
.RECIPEPREFIX := 
# environment
LANG = C
# environment
PROCESSOR_LEVEL = 6
# environment
FPS_BROWSER_APP_PROFILE_STRING = Internet Explorer
# makefile (from 'Makefile', line 5)
COPIES = $(addprefix $(CP_FOLDER)/, $(CP_FILES))
# environment
VSCODE_PID = 14688
# environment
USERDOMAIN_ROAMINGPROFILE = DESKTOP-E02KJJH
# makefile (from 'Makefile', line 4)
CP_FILES = ast.ml compile.ml eval.ml main.ml utils.ml print.ml testLex.ml lex.mll parse.mly
# variable set hash-table stats:
# Load=106/1024=10%, Rehash=0, Collisions=26/146=18%

# Pattern-specific Variable Values

# No pattern-specific variable values.

# Directories

# : could not be stat'd.
# C:\Program Files\JetBrains\IntelliJ IDEA Community Edition 2021.2.2\bin (key C:/Program Files/JetBrains/IntelliJ IDEA Community Edition 2021.2.2/bin, mtime 1632508022): 31 files, no impossibilities.
# C:\Program Files\Microsoft SQL Server\Client SDK\ODBC\110\Tools\Binn\ (key C:/Program Files/Microsoft SQL Server/Client SDK/ODBC/110/Tools/Binn/, mtime 1632577635): 6 files, no impossibilities.
# C:\Windows\System32\WindowsPowerShell\v1.0\ (key C:/Windows/System32/WindowsPowerShell/v1.0/, mtime 1639844476): 32 files, no impossibilities.
# C:\WINDOWS\System32\Wbem (key C:/WINDOWS/System32/Wbem, mtime 1639846534): 155 files, no impossibilities.
# . (key c:/Users/Gyro/Documents/POLYTECH/ET4/Compilation/Projet/Compiler/Compiler, mtime 1640108501): 11 files, no impossibilities.
# C:\Program Files (x86)\Intel\Intel(R) Management Engine Components\iCLS\ (key C:/Program Files (x86)/Intel/Intel(R) Management Engine Components/iCLS/, mtime 1626003226): 8 files, no impossibilities.
# C:\Python310\ (key C:/Python310/, mtime 1637096132): 18 files, no impossibilities.
# C:\Program Files\Git\cmd (key C:/Program Files/Git/cmd, mtime 1637515632): 8 files, no impossibilities.
# C:\Windows\System32\OpenSSH\: could not be stat'd.
# C:\Program Files (x86)\Microsoft SQL Server\120\Tools\Binn\ (key C:/Program Files (x86)/Microsoft SQL Server/120/Tools/Binn/, mtime 1632577602): 12 files, no impossibilities.
# C:\Python310\Scripts\ (key C:/Python310/Scripts/, mtime 1637096132): 5 files, no impossibilities.
# C:\OCaml64\home\Gyro\.opam\4.12.0+mingw64c\bin (key C:/OCaml64/home/Gyro/.opam/4.12.0+mingw64c/bin, mtime 1639930341): 52 files, no impossibilities.
# C:\MinGW\bin (key C:/MinGW/bin, mtime 1639933798): 143 files, no impossibilities.
# C:\Program Files (x86)\NVIDIA Corporation\PhysX\Common (key C:/Program Files (x86)/NVIDIA Corporation/PhysX/Common, mtime 1632577917): 11 files, no impossibilities.
# C:\Program Files\Microsoft SQL Server\120\DTS\Binn\ (key C:/Program Files/Microsoft SQL Server/120/DTS/Binn/, mtime 1632577637): 38 files, no impossibilities.
# C:\Program Files\Intel\Intel(R) Management Engine Components\DAL (key C:/Program Files/Intel/Intel(R) Management Engine Components/DAL, mtime 1626003173): 4 files, no impossibilities.
# C:\WINDOWS (key C:/WINDOWS, mtime 1639851693): 124 files, no impossibilities.
# C:\OCaml64\usr\local\bin (key C:/OCaml64/usr/local/bin, mtime 1639926397): 14 files, no impossibilities.
# C:\Program Files\Intel\Intel(R) Management Engine Components\IPT (key C:/Program Files/Intel/Intel(R) Management Engine Components/IPT, mtime 1626003173): 5 files, no impossibilities.
# C:\ProgramData\chocolatey\bin (key C:/ProgramData/chocolatey/bin, mtime 1637095781): 13 files, no impossibilities.
# C:\Windows (key C:/Windows, mtime 1639851693): 124 files, no impossibilities.
# C:\Users\Gyro\AppData\Roaming\npm (key C:/Users/Gyro/AppData/Roaming/npm, mtime 1637161006): 6 files, no impossibilities.
# C:\Windows\System32\Wbem (key C:/Windows/System32/Wbem, mtime 1639846534): 155 files, no impossibilities.
# C:\Program Files (x86)\Windows Kits\8.1\Windows Performance Toolkit\ (key C:/Program Files (x86)/Windows Kits/8.1/Windows Performance Toolkit/, mtime 1632577768): 73 files, no impossibilities.
# C:\Users\Gyro\AppData\Local\Microsoft\WindowsApps (key C:/Users/Gyro/AppData/Local/Microsoft/WindowsApps, mtime 1640032586): 35 files, no impossibilities.
# C:\Program Files\nodejs\ (key C:/Program Files/nodejs/, mtime 1637095683): 13 files, no impossibilities.
# C:\WINDOWS\System32\WindowsPowerShell\v1.0\ (key C:/WINDOWS/System32/WindowsPowerShell/v1.0/, mtime 1639844476): 32 files, no impossibilities.
# C:\Windows\system32 (key C:/Windows/system32, mtime 1640083370): 3022 files, no impossibilities.
# C:\Program Files\Intel\Intel(R) Management Engine Components\iCLS\ (key C:/Program Files/Intel/Intel(R) Management Engine Components/iCLS/, mtime 1626003173): 11 files, no impossibilities.
# C:\Program Files (x86)\Intel\Intel(R) Management Engine Components\DAL (key C:/Program Files (x86)/Intel/Intel(R) Management Engine Components/DAL, mtime 1626003226): 10 files, no impossibilities.
# C:\Program Files\Microsoft SQL Server\120\Tools\Binn\ (key C:/Program Files/Microsoft SQL Server/120/Tools/Binn/, mtime 1632577603): 14 files, no impossibilities.
# C:\Program Files (x86)\Intel\Intel(R) Management Engine Components\IPT (key C:/Program Files (x86)/Intel/Intel(R) Management Engine Components/IPT, mtime 1626003226): 6 files, no impossibilities.
# C:\Users\Gyro\AppData\Local\Programs\Microsoft VS Code\bin (key C:/Users/Gyro/AppData/Local/Programs/Microsoft VS Code/bin, mtime 1639924489): 4 files, no impossibilities.
# C:\WINDOWS\System32\OpenSSH\: could not be stat'd.
# C:\WINDOWS\system32 (key C:/WINDOWS/system32, mtime 1640083370): 3022 files, no impossibilities.

# 7217 files, no impossibilities in 36 directories.

# Implicit Rules

# No implicit rules.

# Files

# Not a target:
build/ast.ml:
#  Implicit rule search has not been done.
#  Modification time never checked.
#  File has not been updated.

# Not a target:
build/main.ml:
#  Implicit rule search has not been done.
#  Modification time never checked.
#  File has not been updated.

all: copy build/parse.mli build/ast.ml build/ 
utils.ml build/print.ml build/eval.ml build/compile.ml build/parse.ml build/lex.ml build/main.ml
#  Command line target.
#  Implicit rule search has not been done.
#  File does not exist.
#  File has been updated.
#  Needs to be updated (-q is set).
# variable set hash-table stats:
# Load=0/32=0%, Rehash=0, Collisions=0/7=0%
#  recipe to execute (from 'Makefile', line 12):
	cd $(GEN_FOLDER) ; ocamlc -c ast.ml
	cd $(GEN_FOLDER) ; ocamlc $(INTERFACES)
	cd $(GEN_FOLDER) ; ocamlc -o tp $(SOURCES)

# Not a target:
build/compile.ml:
#  Implicit rule search has not been done.
#  Modification time never checked.
#  File has not been updated.

copy:
#  Implicit rule search has not been done.
#  Implicit/static pattern stem: ''
#  File does not exist.
#  File has been updated.
#  Needs to be updated (-q is set).
# automatic
# @ := copy
# automatic
# % := 
# automatic
# * := 
# automatic
# + := 
# automatic
# | := 
# automatic
# < := 
# automatic
# ^ := 
# automatic
# ? := 
# variable set hash-table stats:
# Load=8/32=25%, Rehash=0, Collisions=4/15=27%
#  recipe to execute (from 'Makefile', line 28):
	cp $(COPIES) $(GEN_FOLDER)

# Not a target:
.SUFFIXES:
#  Implicit rule search has not been done.
#  Modification time never checked.
#  File has not been updated.

# Not a target:
Makefile:
#  Implicit rule search has been done.
#  Last modified 2021-12-21 18:41:31
#  File has been updated.
#  Successfully updated.

# Not a target:
build/eval.ml:
#  Implicit rule search has not been done.
#  Modification time never checked.
#  File has not been updated.

build/parse.mli: build/parse.mly build/ast.ml
#  Implicit rule search has not been done.
#  Modification time never checked.
#  File has not been updated.
#  recipe to execute (from 'Makefile', line 25):
	cd $(GEN_FOLDER) ; menhir --dump --explain --strict parse.mly

# Not a target:
build/parse.ml:
#  Implicit rule search has not been done.
#  Modification time never checked.
#  File has not been updated.

# Not a target:
build/utils.ml:
#  Implicit rule search has not been done.
#  Modification time never checked.
#  File has not been updated.

# Not a target:
build/parse.mly:
#  Implicit rule search has not been done.
#  Modification time never checked.
#  File has not been updated.

# Not a target:
build/print.ml:
#  Implicit rule search has not been done.
#  Modification time never checked.
#  File has not been updated.

# Not a target:
.DEFAULT:
#  Implicit rule search has not been done.
#  Modification time never checked.
#  File has not been updated.

clean:
#  Implicit rule search has not been done.
#  Modification time never checked.
#  File has not been updated.
#  recipe to execute (from 'Makefile', line 31):
	rm -rf $(GEN_FOLDER)/*

# Not a target:
build/lex.mll:
#  Implicit rule search has not been done.
#  Modification time never checked.
#  File has not been updated.

# Not a target:
build/testLex.ml:
#  Implicit rule search has not been done.
#  Modification time never checked.
#  File has not been updated.

testLex: copy build/parse.mli build/lex.ml build/testLex.ml build/utils.ml
#  Implicit rule search has not been done.
#  Modification time never checked.
#  File has not been updated.
#  recipe to execute (from 'Makefile', line 17):
	cd $(GEN_FOLDER) ; ocamlc -c ast.ml
	cd $(GEN_FOLDER) ; ocamlc $(INTERFACES)
	cd $(GEN_FOLDER) ; ocamlc -o testLex ast.ml utils.ml print.ml eval.ml compile.ml parse.ml  lex.ml testLex.ml

build/lex.ml: copy build/lex.mll build/parse.mli build/ast.ml
#  Implicit rule search has not been done.
#  Modification time never checked.
#  File has not been updated.
#  recipe to execute (from 'Makefile', line 22):
	cd $(GEN_FOLDER) ; ocamllex lex.mll

# files hash-table stats:
# Load=19/1024=2%, Rehash=0, Collisions=4/55=7%
# VPATH Search Paths

# No 'vpath' search paths.

# No general ('VPATH' variable) search path.

# strcache buffers: 8 (7) / strings = 3838 / storage = 58239 B / avg = 15 B
# current buf: size = 8174 B / used = 1070 B / count = 77 / avg = 13 B
# other used: total = 50065 B / count = 3761 / avg = 13 B
# other free: total = 49  
B / max = 11 B / min = 3 B / avg = 7 B

# strcache performance: lookups = 7293 / hit rate = 47%
# hash-table stats:
# Load=3838/8192=47%, Rehash=0, Collisions=2562/7293=35%
# Finished Make data base on Tue Dec 21 18:41:44 2021

 
